Retrieving Manual data from data/manual-events.json
Retrieved data for 1 events
Exporting to data/manual-events.json
Retrieving GWOSC data from https://www.gw-openscience.org/catalog/GWTC-1-confident/filelist/
Retrieved data for 11 events
Exporting to data/gwosc.json
Retrieving GraceDB data from https://gracedb.ligo.org/api/
Limiting to 0.0 days
Too old (4.741203812535957 days). Skipping S200129m
Too old (5.932020233436642 days). Skipping S200128d
Too old (17.531670004687566 days). Skipping S200116ah
Too old (18.84662856632071 days). Skipping S200115j
Too old (19.94028036493041 days). Skipping S200114f
Too old (21.36366169788241 days). Skipping S200112r
Too old (25.612267450000914 days). Skipping S200108v
Too old (27.255496407719413 days). Skipping S200106av
Too old (27.255430295763983 days). Skipping S200106au
Too old (28.34574553976781 days). Skipping S200105ae
Too old (39.114632401632534 days). Skipping S191225aq
Too old (42.879664260312644 days). Skipping S191222n
Too old (44.512562770705955 days). Skipping S191220af
Too old (48.13103752593639 days). Skipping S191216ap
Too old (49.0912937919901 days). Skipping S191215w
Too old (51.363359013229065 days). Skipping S191213ai
Too old (51.83902751857554 days). Skipping S191213g
Too old (52.67698471616942 days). Skipping S191212q
Too old (59.118189283483986 days). Skipping S191205ah
Too old (60.310347598299664 days). Skipping S191204r
Too old (65.45964169745417 days). Skipping S191129u
Too old (70.61324238823019 days). Skipping S191124be
Too old (74.19010324627409 days). Skipping S191120at
Too old (74.34638665651545 days). Skipping S191120aj
Too old (77.77360870970975 days). Skipping S191117j
Too old (84.06641279909859 days). Skipping S191110af
Too old (84.27338009737312 days). Skipping S191110x
Too old (85.98269712203835 days). Skipping S191109d
Too old (89.42153148723389 days). Skipping S191105e
Too old (125.42239085369128 days). Skipping S190930t
Too old (125.4630101942713 days). Skipping S190930s
Too old (127.93796255808975 days). Skipping S190928c
Too old (131.9330843137623 days). Skipping S190924h
Too old (132.49057508903877 days). Skipping S190923y
Too old (140.03151208453673 days). Skipping S190915ak
Too old (145.67531009663313 days). Skipping S190910h
Too old (145.96951499908542 days). Skipping S190910d
Too old (154.04957757666799 days). Skipping S190901ap
Too old (157.15033632247597 days). Skipping S190829u
Too old (158.74115112753353 days). Skipping S190828l
Too old (158.7558049760867 days). Skipping S190828j
Too old (164.96698748970044 days). Skipping S190822c
Too old (170.48467074465398 days). Skipping S190816i
Too old (172.1470867942234 days). Skipping S190814bv
Too old (178.0979840006255 days). Skipping S190808ae
Too old (189.74811074991854 days). Skipping S190728q
Too old (190.77700615186285 days). Skipping S190727h
Too old (198.02350248965232 days). Skipping S190720a
Too old (199.42170431880908 days). Skipping S190718y
Too old (210.63126321278918 days). Skipping S190707q
Too old (211.09430487538148 days). Skipping S190706ai
Too old (216.17317951656298 days). Skipping S190701ah
Too old (217.24333460841513 days). Skipping S190630ag
Too old (245.2798866009839 days). Skipping S190602aq
Too old (254.82665063461835 days). Skipping S190524q
Too old (257.70728975144795 days). Skipping S190521r
Too old (257.90277418827463 days). Skipping S190521g
Too old (259.3796833625931 days). Skipping S190519bj
Too old (260.2244192729178 days). Skipping S190518bb
Too old (261.7857345245613 days). Skipping S190517h
Too old (265.15835967526505 days). Skipping S190513bm
Too old (266.2744991944098 days). Skipping S190512at
Too old (268.9047668597223 days). Skipping S190510g
Too old (275.2419761259966 days). Skipping S190503bf
Too old (282.38930327836795 days). Skipping S190426c
Too old (283.6836358955093 days). Skipping S190425z
Too old (287.1274854772115 days). Skipping S190421ar
Too old (296.79984877013925 days). Skipping S190412m
Too old (300.26700080371637 days). Skipping S190408an
Retrieved data for 0 events
Exporting to data/gracedb.json
importing Manual Data...
*** Importing Manual Data...
adding web-data link to GW190425 [https://gracedb.ligo.org/superevents/S190425z/view/]
adding open-data link to GW190425 [https://www.gw-openscience.org/eventapi/html/O3_Discovery_Papers/GW190425/v1/]
adding pub link to GW190425 [https://dcc.ligo.org/LIGO-P190425/public]
adding skymap-fits link to GW190425 [http://astrog80.astro.cf.ac.uk/GW/gw190425_skymap.fits]
update status: GW190425 [Manual import]
found 1 links for GW190425 with type==skymap-fits
Skymap loaded for GW190425: http://astrog80.astro.cf.ac.uk/GW/gw190425_skymap.fits
obtained distance information for GW190425 [157.96,43.23]
update status: GW190425 [Map src]
importing GWOSC...
*** Importing GWOSC...
converting event GW150914
converting event GW151012
converting event GW151226
converting event GW170104
converting event GW170608
converting event GW170729
converting event GW170809
converting event GW170814
converting event GW170817
converting event GW170818
converting event GW170823
update status: GW150914 [Gwosc import]
update status: GW151012 [Gwosc import]
update status: GW151226 [Gwosc import]
update status: GW170104 [Gwosc import]
update status: GW170608 [Gwosc import]
update status: GW170729 [Gwosc import]
update status: GW170809 [Gwosc import]
update status: GW170814 [Gwosc import]
update status: GW170817 [Gwosc import]
update status: GW170818 [Gwosc import]
update status: GW170823 [Gwosc import]
importing GraceDB...
*** Importing GraceDB...
removing unnecessary GraceDB candidates
*** Updating maps...
No map update required for GW150914
No map update required for GW151012
No map update required for GW151226
No map update required for GW170104
No map update required for GW170608
No map update required for GW170729
No map update required for GW170809
No map update required for GW170814
No map update required for GW170817
No map update required for GW170818
No map update required for GW170823
No map update required for S190513bm
No map update required for S190512at
No map update required for S190510g
No map update required for S190503bf
No map update required for S190426c
No map update required for S190421ar
No map update required for S190412m
No map update required for S190408an
No map update required for S190519bj
No map update required for S190521g
No map update required for S190521r
No map update required for S190517h
No map update required for S190602aq
No map update required for S190630ag
No map update required for S190701ah
No map update required for S190706ai
No map update required for S190707q
No map update required for S190718y
No map update required for S190720a
No map update required for S190727h
No map update required for S190728q
No map update required for S190814bv
No map update required for S190828l
No map update required for S190828j
No map update required for S190901ap
No map update required for S190910h
No map update required for S190910d
No map update required for S190915ak
No map update required for S190924h
No map update required for S190923y
No map update required for S190930t
No map update required for S190930s
No map update required for S191109d
No map update required for S191105e
No map update required for S191205ah
No map update required for S191204r
No map update required for S191129u
No map update required for S191213g
No map update required for S191216ap
No map update required for S191215w
No map update required for S191222n
No map update required for S200105ae
No map update required for S200112r
No map update required for GW190425
No map update required for S200114f
No map update required for S200115j
No map update required for S200128d
No map update required for S200129m
*** Updating plots...
all plots exist for GW150914
all plots exist for GW151012
all plots exist for GW151226
all plots exist for GW170104
all plots exist for GW170608
all plots exist for GW170729
all plots exist for GW170809
all plots exist for GW170814
all plots exist for GW170817
all plots exist for GW170818
all plots exist for GW170823
all plots exist for GW190425
all plots exist for S190408an
all plots exist for S190412m
all plots exist for S190421ar
all plots exist for S190426c
all plots exist for S190503bf
all plots exist for S190510g
all plots exist for S190512at
all plots exist for S190513bm
all plots exist for S190517h
all plots exist for S190519bj
all plots exist for S190521g
all plots exist for S190521r
all plots exist for S190602aq
all plots exist for S190630ag
all plots exist for S190701ah
all plots exist for S190706ai
all plots exist for S190707q
all plots exist for S190718y
all plots exist for S190720a
all plots exist for S190727h
all plots exist for S190728q
all plots exist for S190814bv
all plots exist for S190828j
all plots exist for S190828l
all plots exist for S190901ap
all plots exist for S190910d
all plots exist for S190910h
all plots exist for S190915ak
all plots exist for S190923y
all plots exist for S190924h
all plots exist for S190930s
all plots exist for S190930t
all plots exist for S191105e
all plots exist for S191109d
all plots exist for S191129u
all plots exist for S191204r
all plots exist for S191205ah
all plots exist for S191213g
all plots exist for S191215w
all plots exist for S191216ap
all plots exist for S191222n
all plots exist for S200105ae
all plots exist for S200112r
all plots exist for S200114f
all plots exist for S200115j
all plots exist for S200128d
all plots exist for S200129m
Updating gravoscope
file data/gravoscope/GW150914-tiles/ttrtttt.png exists
file data/gravoscope/GW151012-tiles/ttrtttt.png exists
file data/gravoscope/GW151226-tiles/ttrtttt.png exists
file data/gravoscope/GW170104-tiles/ttrtttt.png exists
file data/gravoscope/GW170608-tiles/ttrtttt.png exists
file data/gravoscope/GW170729-tiles/ttrtttt.png exists
file data/gravoscope/GW170809-tiles/ttrtttt.png exists
file data/gravoscope/GW170814-tiles/ttrtttt.png exists
file data/gravoscope/GW170817-tiles/ttrtttt.png exists
file data/gravoscope/GW170818-tiles/ttrtttt.png exists
file data/gravoscope/GW170823-tiles/ttrtttt.png exists
file data/gravoscope/GW190425-tiles/ttrtttt.png exists
file data/gravoscope/S190408an-tiles/ttrtttt.png exists
file data/gravoscope/S190412m-tiles/ttrtttt.png exists
file data/gravoscope/S190421ar-tiles/ttrtttt.png exists
file data/gravoscope/S190426c-tiles/ttrtttt.png exists
file data/gravoscope/S190503bf-tiles/ttrtttt.png exists
file data/gravoscope/S190510g-tiles/ttrtttt.png exists
file data/gravoscope/S190512at-tiles/ttrtttt.png exists
file data/gravoscope/S190513bm-tiles/ttrtttt.png exists
file data/gravoscope/S190517h-tiles/ttrtttt.png exists
file data/gravoscope/S190519bj-tiles/ttrtttt.png exists
file data/gravoscope/S190521g-tiles/ttrtttt.png exists
file data/gravoscope/S190521r-tiles/ttrtttt.png exists
file data/gravoscope/S190602aq-tiles/ttrtttt.png exists
file data/gravoscope/S190630ag-tiles/ttrtttt.png exists
file data/gravoscope/S190701ah-tiles/ttrtttt.png exists
file data/gravoscope/S190706ai-tiles/ttrtttt.png exists
file data/gravoscope/S190707q-tiles/ttrtttt.png exists
file data/gravoscope/S190718y-tiles/ttrtttt.png exists
file data/gravoscope/S190720a-tiles/ttrtttt.png exists
file data/gravoscope/S190727h-tiles/ttrtttt.png exists
file data/gravoscope/S190728q-tiles/ttrtttt.png exists
file data/gravoscope/S190814bv-tiles/ttrtttt.png exists
file data/gravoscope/S190828j-tiles/ttrtttt.png exists
file data/gravoscope/S190828l-tiles/ttrtttt.png exists
file data/gravoscope/S190901ap-tiles/ttrtttt.png exists
file data/gravoscope/S190910d-tiles/ttrtttt.png exists
file data/gravoscope/S190910h-tiles/ttrtttt.png exists
file data/gravoscope/S190915ak-tiles/ttrtttt.png exists
file data/gravoscope/S190923y-tiles/ttrtttt.png exists
file data/gravoscope/S190924h-tiles/ttrtttt.png exists
file data/gravoscope/S190930s-tiles/ttrtttt.png exists
file data/gravoscope/S190930t-tiles/ttrtttt.png exists
file data/gravoscope/S191105e-tiles/ttrtttt.png exists
file data/gravoscope/S191109d-tiles/ttrtttt.png exists
file data/gravoscope/S191129u-tiles/ttrtttt.png exists
file data/gravoscope/S191204r-tiles/ttrtttt.png exists
file data/gravoscope/S191205ah-tiles/ttrtttt.png exists
file data/gravoscope/S191213g-tiles/ttrtttt.png exists
file data/gravoscope/S191215w-tiles/ttrtttt.png exists
file data/gravoscope/S191216ap-tiles/ttrtttt.png exists
file data/gravoscope/S191222n-tiles/ttrtttt.png exists
file data/gravoscope/S200105ae-tiles/ttrtttt.png exists
file data/gravoscope/S200112r-tiles/ttrtttt.png exists
file data/gravoscope/S200114f-tiles/ttrtttt.png exists
file data/gravoscope/S200115j-tiles/ttrtttt.png exists
file data/gravoscope/S200128d-tiles/ttrtttt.png exists
file data/gravoscope/S200129m-tiles/ttrtttt.png exists
reading JSON from data/gwosc_gracedb.json
writing JSONP to data/gwosc_gracedb.jsonp
reading JSON from data/gwosc_gracedb.min.json
writing JSONP to data/gwosc_gracedb.min.jsonp
removing empty rows
Writing data to CSV: data/gwosc_gracedb.csv
Writing datadict to CSV: data/parameters.csv
