Retrieving Manual data from data/manual-events.json
Retrieved data for 1 events
Exporting to data/manual-events.json
Retrieving GWOSC data from https://www.gw-openscience.org/catalog/GWTC-1-confident/filelist/
Retrieved data for 11 events
Exporting to data/gwosc.json
Retrieving GraceDB data from https://gracedb.ligo.org/api/
Limiting to 0.0 days
Too old (4.7451492176864205 days). Skipping S200129m
Too old (5.935965585195902 days). Skipping S200128d
Too old (17.535615289108865 days). Skipping S200116ah
Too old (18.85057384633228 days). Skipping S200115j
Too old (19.944225641053094 days). Skipping S200114f
Too old (21.367606970544447 days). Skipping S200112r
Too old (25.616212718924526 days). Skipping S200108v
Too old (27.25944167305506 days). Skipping S200106av
Too old (27.259375557488518 days). Skipping S200106au
Too old (28.349690798112718 days). Skipping S200105ae
Too old (39.118577993033 days). Skipping S191225aq
Too old (42.88360985512746 days). Skipping S191222n
Too old (44.51650836153929 days). Skipping S191220af
Too old (48.13498311313546 days). Skipping S191216ap
Too old (49.09523937859889 days). Skipping S191215w
Too old (51.36730459922444 days). Skipping S191213ai
Too old (51.842973104443594 days). Skipping S191213g
Too old (52.680930301910166 days). Skipping S191212q
Too old (59.12213486924787 days). Skipping S191205ah
Too old (60.31429318417929 days). Skipping S191204r
Too old (65.46358406465325 days). Skipping S191129u
Too old (70.61718475209592 days). Skipping S191124be
Too old (74.19404560616992 days). Skipping S191120at
Too old (74.35032901315897 days). Skipping S191120aj
Too old (77.77755106273058 days). Skipping S191117j
Too old (84.0703551503833 days). Skipping S191110af
Too old (84.27732244863469 days). Skipping S191110x
Too old (85.98663947317262 days). Skipping S191109d
Too old (89.42547383756954 days). Skipping S191105e
Too old (125.42633320398063 days). Skipping S190930t
Too old (125.46694423216482 days). Skipping S190930s
Too old (127.94189660069391 days). Skipping S190928c
Too old (131.93701835239654 days). Skipping S190924h
Too old (132.49450912378413 days). Skipping S190923y
Too old (140.03544611572886 days). Skipping S190915ak
Too old (145.67924412428357 days). Skipping S190910h
Too old (145.9734490231132 days). Skipping S190910d
Too old (154.05351159730455 days). Skipping S190901ap
Too old (157.15427033947827 days). Skipping S190829u
Too old (158.7450851412604 days). Skipping S190828l
Too old (158.75974250511445 days). Skipping S190828j
Too old (164.97092502185322 days). Skipping S190822c
Too old (170.4886082731609 days). Skipping S190816i
Too old (172.15102431865628 days). Skipping S190814bv
Too old (178.10192152127365 days). Skipping S190808ae
Too old (189.75204826716393 days). Skipping S190728q
Too old (190.7809436653235 days). Skipping S190727h
Too old (198.0274399997565 days). Skipping S190720a
Too old (199.42564182534844 days). Skipping S190718y
Too old (210.63520071582158 days). Skipping S190707q
Too old (211.09824007440926 days). Skipping S190706ai
Too old (216.177114711563 days). Skipping S190701ah
Too old (217.24726979944523 days). Skipping S190630ag
Too old (245.2838217871413 days). Skipping S190602aq
Too old (254.8305858170373 days). Skipping S190524q
Too old (257.71122493082294 days). Skipping S190521r
Too old (257.90670936711723 days). Skipping S190521g
Too old (259.38361854149355 days). Skipping S190519bj
Too old (260.2283544517373 days). Skipping S190518bb
Too old (261.7896697031145 days). Skipping S190517h
Too old (265.16230056311224 days). Skipping S190513bm
Too old (266.27844008202555 days). Skipping S190512at
Too old (268.9087077460765 days). Skipping S190510g
Too old (275.24591701149427 days). Skipping S190503bf
Too old (282.39324416371517 days). Skipping S190426c
Too old (283.6875767805556 days). Skipping S190425z
Too old (287.131426362362 days). Skipping S190421ar
Too old (296.8037896551508 days). Skipping S190412m
Too old (300.2709416887742 days). Skipping S190408an
Retrieved data for 0 events
Exporting to data/gracedb.json
importing Manual Data...
*** Importing Manual Data...
adding web-data link to GW190425 [https://gracedb.ligo.org/superevents/S190425z/view/]
adding open-data link to GW190425 [https://www.gw-openscience.org/eventapi/html/O3_Discovery_Papers/GW190425/v1/]
adding pub link to GW190425 [https://dcc.ligo.org/LIGO-P190425/public]
adding skymap-fits link to GW190425 [http://astrog80.astro.cf.ac.uk/GW/gw190425_skymap.fits]
update status: GW190425 [Manual import]
found 1 links for GW190425 with type==skymap-fits
Skymap loaded for GW190425: http://astrog80.astro.cf.ac.uk/GW/gw190425_skymap.fits
obtained distance information for GW190425 [157.96,43.23]
update status: GW190425 [Map src]
importing GWOSC...
*** Importing GWOSC...
converting event GW150914
converting event GW151012
converting event GW151226
converting event GW170104
converting event GW170608
converting event GW170729
converting event GW170809
converting event GW170814
converting event GW170817
converting event GW170818
converting event GW170823
update status: GW150914 [Gwosc import]
update status: GW151012 [Gwosc import]
update status: GW151226 [Gwosc import]
update status: GW170104 [Gwosc import]
update status: GW170608 [Gwosc import]
update status: GW170729 [Gwosc import]
update status: GW170809 [Gwosc import]
update status: GW170814 [Gwosc import]
update status: GW170817 [Gwosc import]
update status: GW170818 [Gwosc import]
update status: GW170823 [Gwosc import]
importing GraceDB...
*** Importing GraceDB...
removing unnecessary GraceDB candidates
*** Updating maps...
No map update required for GW150914
No map update required for GW151012
No map update required for GW151226
No map update required for GW170104
No map update required for GW170608
No map update required for GW170729
No map update required for GW170809
No map update required for GW170814
No map update required for GW170817
No map update required for GW170818
No map update required for GW170823
No map update required for S190513bm
No map update required for S190512at
No map update required for S190510g
No map update required for S190503bf
No map update required for S190426c
No map update required for S190421ar
No map update required for S190412m
No map update required for S190408an
No map update required for S190519bj
No map update required for S190521g
No map update required for S190521r
No map update required for S190517h
No map update required for S190602aq
No map update required for S190630ag
No map update required for S190701ah
No map update required for S190706ai
No map update required for S190707q
No map update required for S190718y
No map update required for S190720a
No map update required for S190727h
No map update required for S190728q
No map update required for S190814bv
No map update required for S190828l
No map update required for S190828j
No map update required for S190901ap
No map update required for S190910h
No map update required for S190910d
No map update required for S190915ak
No map update required for S190924h
No map update required for S190923y
No map update required for S190930t
No map update required for S190930s
No map update required for S191109d
No map update required for S191105e
No map update required for S191205ah
No map update required for S191204r
No map update required for S191129u
No map update required for S191213g
No map update required for S191216ap
No map update required for S191215w
No map update required for S191222n
No map update required for S200105ae
No map update required for S200112r
No map update required for GW190425
No map update required for S200114f
No map update required for S200115j
No map update required for S200128d
No map update required for S200129m
*** Updating plots...
all plots exist for GW150914
all plots exist for GW151012
all plots exist for GW151226
all plots exist for GW170104
all plots exist for GW170608
all plots exist for GW170729
all plots exist for GW170809
all plots exist for GW170814
all plots exist for GW170817
all plots exist for GW170818
all plots exist for GW170823
all plots exist for GW190425
all plots exist for S190408an
all plots exist for S190412m
all plots exist for S190421ar
all plots exist for S190426c
all plots exist for S190503bf
all plots exist for S190510g
all plots exist for S190512at
all plots exist for S190513bm
all plots exist for S190517h
all plots exist for S190519bj
all plots exist for S190521g
all plots exist for S190521r
all plots exist for S190602aq
all plots exist for S190630ag
all plots exist for S190701ah
all plots exist for S190706ai
all plots exist for S190707q
all plots exist for S190718y
all plots exist for S190720a
all plots exist for S190727h
all plots exist for S190728q
all plots exist for S190814bv
all plots exist for S190828j
all plots exist for S190828l
all plots exist for S190901ap
all plots exist for S190910d
all plots exist for S190910h
all plots exist for S190915ak
all plots exist for S190923y
all plots exist for S190924h
all plots exist for S190930s
all plots exist for S190930t
all plots exist for S191105e
all plots exist for S191109d
all plots exist for S191129u
all plots exist for S191204r
all plots exist for S191205ah
all plots exist for S191213g
all plots exist for S191215w
all plots exist for S191216ap
all plots exist for S191222n
all plots exist for S200105ae
all plots exist for S200112r
all plots exist for S200114f
all plots exist for S200115j
all plots exist for S200128d
all plots exist for S200129m
Updating gravoscope
file data/gravoscope/GW150914-tiles/ttrtttt.png exists
file data/gravoscope/GW151012-tiles/ttrtttt.png exists
file data/gravoscope/GW151226-tiles/ttrtttt.png exists
file data/gravoscope/GW170104-tiles/ttrtttt.png exists
file data/gravoscope/GW170608-tiles/ttrtttt.png exists
file data/gravoscope/GW170729-tiles/ttrtttt.png exists
file data/gravoscope/GW170809-tiles/ttrtttt.png exists
file data/gravoscope/GW170814-tiles/ttrtttt.png exists
file data/gravoscope/GW170817-tiles/ttrtttt.png exists
file data/gravoscope/GW170818-tiles/ttrtttt.png exists
file data/gravoscope/GW170823-tiles/ttrtttt.png exists
file data/gravoscope/GW190425-tiles/ttrtttt.png exists
file data/gravoscope/S190408an-tiles/ttrtttt.png exists
file data/gravoscope/S190412m-tiles/ttrtttt.png exists
file data/gravoscope/S190421ar-tiles/ttrtttt.png exists
file data/gravoscope/S190426c-tiles/ttrtttt.png exists
file data/gravoscope/S190503bf-tiles/ttrtttt.png exists
file data/gravoscope/S190510g-tiles/ttrtttt.png exists
file data/gravoscope/S190512at-tiles/ttrtttt.png exists
file data/gravoscope/S190513bm-tiles/ttrtttt.png exists
file data/gravoscope/S190517h-tiles/ttrtttt.png exists
file data/gravoscope/S190519bj-tiles/ttrtttt.png exists
file data/gravoscope/S190521g-tiles/ttrtttt.png exists
file data/gravoscope/S190521r-tiles/ttrtttt.png exists
file data/gravoscope/S190602aq-tiles/ttrtttt.png exists
file data/gravoscope/S190630ag-tiles/ttrtttt.png exists
file data/gravoscope/S190701ah-tiles/ttrtttt.png exists
file data/gravoscope/S190706ai-tiles/ttrtttt.png exists
file data/gravoscope/S190707q-tiles/ttrtttt.png exists
file data/gravoscope/S190718y-tiles/ttrtttt.png exists
file data/gravoscope/S190720a-tiles/ttrtttt.png exists
file data/gravoscope/S190727h-tiles/ttrtttt.png exists
file data/gravoscope/S190728q-tiles/ttrtttt.png exists
file data/gravoscope/S190814bv-tiles/ttrtttt.png exists
file data/gravoscope/S190828j-tiles/ttrtttt.png exists
file data/gravoscope/S190828l-tiles/ttrtttt.png exists
file data/gravoscope/S190901ap-tiles/ttrtttt.png exists
file data/gravoscope/S190910d-tiles/ttrtttt.png exists
file data/gravoscope/S190910h-tiles/ttrtttt.png exists
file data/gravoscope/S190915ak-tiles/ttrtttt.png exists
file data/gravoscope/S190923y-tiles/ttrtttt.png exists
file data/gravoscope/S190924h-tiles/ttrtttt.png exists
file data/gravoscope/S190930s-tiles/ttrtttt.png exists
file data/gravoscope/S190930t-tiles/ttrtttt.png exists
file data/gravoscope/S191105e-tiles/ttrtttt.png exists
file data/gravoscope/S191109d-tiles/ttrtttt.png exists
file data/gravoscope/S191129u-tiles/ttrtttt.png exists
file data/gravoscope/S191204r-tiles/ttrtttt.png exists
file data/gravoscope/S191205ah-tiles/ttrtttt.png exists
file data/gravoscope/S191213g-tiles/ttrtttt.png exists
file data/gravoscope/S191215w-tiles/ttrtttt.png exists
file data/gravoscope/S191216ap-tiles/ttrtttt.png exists
file data/gravoscope/S191222n-tiles/ttrtttt.png exists
file data/gravoscope/S200105ae-tiles/ttrtttt.png exists
file data/gravoscope/S200112r-tiles/ttrtttt.png exists
file data/gravoscope/S200114f-tiles/ttrtttt.png exists
file data/gravoscope/S200115j-tiles/ttrtttt.png exists
file data/gravoscope/S200128d-tiles/ttrtttt.png exists
file data/gravoscope/S200129m-tiles/ttrtttt.png exists
reading JSON from data/gwosc_gracedb.json
writing JSONP to data/gwosc_gracedb.jsonp
reading JSON from data/gwosc_gracedb.min.json
writing JSONP to data/gwosc_gracedb.min.jsonp
removing empty rows
Writing data to CSV: data/gwosc_gracedb.csv
Writing datadict to CSV: data/parameters.csv
