Retrieving Manual data from data/manual-events.json
Retrieved data for 1 events
Exporting to data/manual-events.json
Retrieving GWOSC data from https://www.gw-openscience.org/catalog/GWTC-1-confident/filelist/
Retrieved data for 11 events
Exporting to data/gwosc.json
Retrieving GraceDB data from https://gracedb.ligo.org/api/
Limiting to 0.0 days
Too old (4.743790977223457 days). Skipping S200129m
Too old (5.9346073362144205 days). Skipping S200128d
Too old (17.534257037060254 days). Skipping S200116ah
Too old (18.84921559444571 days). Skipping S200115j
Too old (19.94286738942115 days). Skipping S200114f
Too old (21.366248718889356 days). Skipping S200112r
Too old (25.61485446748934 days). Skipping S200108v
Too old (27.258083421619876 days). Skipping S200106av
Too old (27.258017306088057 days). Skipping S200106au
Too old (28.348332546561792 days). Skipping S200105ae
Too old (39.11721969091494 days). Skipping S191225aq
Too old (42.88225154538209 days). Skipping S191222n
Too old (44.51515005243049 days). Skipping S191220af
Too old (48.13362480414241 days). Skipping S191216ap
Too old (49.09388106964056 days). Skipping S191215w
Too old (51.36594629049758 days). Skipping S191213ai
Too old (51.841614795809335 days). Skipping S191213g
Too old (52.67957199362313 days). Skipping S191212q
Too old (59.12077656092612 days). Skipping S191205ah
Too old (60.31293488232744 days). Skipping S191204r
Too old (65.46223418620417 days). Skipping S191129u
Too old (70.61583487284824 days). Skipping S191124be
Too old (74.19269572715372 days). Skipping S191120at
Too old (74.34897913416592 days). Skipping S191120aj
Too old (77.77620119020743 days). Skipping S191117j
Too old (84.06900528820738 days). Skipping S191110af
Too old (84.27597258794025 days). Skipping S191110x
Too old (85.98528961235085 days). Skipping S191109d
Too old (89.42412397686351 days). Skipping S191105e
Too old (125.42498334322832 days). Skipping S190930t
Too old (125.46558765067176 days). Skipping S190930s
Too old (127.94054001045086 days). Skipping S190928c
Too old (131.9356617623271 days). Skipping S190924h
Too old (132.49315253359896 days). Skipping S190923y
Too old (140.03408952580986 days). Skipping S190915ak
Too old (145.67788753461923 days). Skipping S190910h
Too old (145.9720924337845 days). Skipping S190910d
Too old (154.0521550078601 days). Skipping S190901ap
Too old (157.15291375017273 days). Skipping S190829u
Too old (158.74372855195483 days). Skipping S190828l
Too old (158.7583883192927 days). Skipping S190828j
Too old (164.96957082913332 days). Skipping S190822c
Too old (170.48725408056833 days). Skipping S190816i
Too old (172.14967012611 days). Skipping S190814bv
Too old (178.10056732898198 days). Skipping S190808ae
Too old (189.75069407518475 days). Skipping S190728q
Too old (190.77958947341378 days). Skipping S190727h
Too old (198.02608580799722 days). Skipping S190720a
Too old (199.42428763394798 days). Skipping S190718y
Too old (210.63384652502296 days). Skipping S190707q
Too old (211.09689487637687 days). Skipping S190706ai
Too old (216.1757695139241 days). Skipping S190701ah
Too old (217.24592460192207 days). Skipping S190630ag
Too old (245.28247658908575 days). Skipping S190602aq
Too old (254.82924061925954 days). Skipping S190524q
Too old (257.70987973304517 days). Skipping S190521r
Too old (257.9053641695825 days). Skipping S190521g
Too old (259.38227334402825 days). Skipping S190519bj
Too old (260.2270092543067 days). Skipping S190518bb
Too old (261.78832450571866 days). Skipping S190517h
Too old (265.1609458693391 days). Skipping S190513bm
Too old (266.2770853882177 days). Skipping S190512at
Too old (268.9073530521992 days). Skipping S190510g
Too old (275.24456233297576 days). Skipping S190503bf
Too old (282.39188949466427 days). Skipping S190426c
Too old (283.68622211795144 days). Skipping S190425z
Too old (287.1300716998157 days). Skipping S190421ar
Too old (296.8024349928013 days). Skipping S190412m
Too old (300.2695870264131 days). Skipping S190408an
Retrieved data for 0 events
Exporting to data/gracedb.json
importing Manual Data...
*** Importing Manual Data...
adding web-data link to GW190425 [https://gracedb.ligo.org/superevents/S190425z/view/]
adding open-data link to GW190425 [https://www.gw-openscience.org/eventapi/html/O3_Discovery_Papers/GW190425/v1/]
adding pub link to GW190425 [https://dcc.ligo.org/LIGO-P190425/public]
adding skymap-fits link to GW190425 [http://astrog80.astro.cf.ac.uk/GW/gw190425_skymap.fits]
update status: GW190425 [Manual import]
found 1 links for GW190425 with type==skymap-fits
Skymap loaded for GW190425: http://astrog80.astro.cf.ac.uk/GW/gw190425_skymap.fits
obtained distance information for GW190425 [157.96,43.23]
update status: GW190425 [Map src]
importing GWOSC...
*** Importing GWOSC...
converting event GW150914
converting event GW151012
converting event GW151226
converting event GW170104
converting event GW170608
converting event GW170729
converting event GW170809
converting event GW170814
converting event GW170817
converting event GW170818
converting event GW170823
update status: GW150914 [Gwosc import]
update status: GW151012 [Gwosc import]
update status: GW151226 [Gwosc import]
update status: GW170104 [Gwosc import]
update status: GW170608 [Gwosc import]
update status: GW170729 [Gwosc import]
update status: GW170809 [Gwosc import]
update status: GW170814 [Gwosc import]
update status: GW170817 [Gwosc import]
update status: GW170818 [Gwosc import]
update status: GW170823 [Gwosc import]
importing GraceDB...
*** Importing GraceDB...
removing unnecessary GraceDB candidates
*** Updating maps...
No map update required for GW150914
No map update required for GW151012
No map update required for GW151226
No map update required for GW170104
No map update required for GW170608
No map update required for GW170729
No map update required for GW170809
No map update required for GW170814
No map update required for GW170817
No map update required for GW170818
No map update required for GW170823
No map update required for S190513bm
No map update required for S190512at
No map update required for S190510g
No map update required for S190503bf
No map update required for S190426c
No map update required for S190421ar
No map update required for S190412m
No map update required for S190408an
No map update required for S190519bj
No map update required for S190521g
No map update required for S190521r
No map update required for S190517h
No map update required for S190602aq
No map update required for S190630ag
No map update required for S190701ah
No map update required for S190706ai
No map update required for S190707q
No map update required for S190718y
No map update required for S190720a
No map update required for S190727h
No map update required for S190728q
No map update required for S190814bv
No map update required for S190828l
No map update required for S190828j
No map update required for S190901ap
No map update required for S190910h
No map update required for S190910d
No map update required for S190915ak
No map update required for S190924h
No map update required for S190923y
No map update required for S190930t
No map update required for S190930s
No map update required for S191109d
No map update required for S191105e
No map update required for S191205ah
No map update required for S191204r
No map update required for S191129u
No map update required for S191213g
No map update required for S191216ap
No map update required for S191215w
No map update required for S191222n
No map update required for S200105ae
No map update required for S200112r
No map update required for GW190425
No map update required for S200114f
No map update required for S200115j
No map update required for S200128d
No map update required for S200129m
*** Updating plots...
all plots exist for GW150914
all plots exist for GW151012
all plots exist for GW151226
all plots exist for GW170104
all plots exist for GW170608
all plots exist for GW170729
all plots exist for GW170809
all plots exist for GW170814
all plots exist for GW170817
all plots exist for GW170818
all plots exist for GW170823
all plots exist for GW190425
all plots exist for S190408an
all plots exist for S190412m
all plots exist for S190421ar
all plots exist for S190426c
all plots exist for S190503bf
all plots exist for S190510g
all plots exist for S190512at
all plots exist for S190513bm
all plots exist for S190517h
all plots exist for S190519bj
all plots exist for S190521g
all plots exist for S190521r
all plots exist for S190602aq
all plots exist for S190630ag
all plots exist for S190701ah
all plots exist for S190706ai
all plots exist for S190707q
all plots exist for S190718y
all plots exist for S190720a
all plots exist for S190727h
all plots exist for S190728q
all plots exist for S190814bv
all plots exist for S190828j
all plots exist for S190828l
all plots exist for S190901ap
all plots exist for S190910d
all plots exist for S190910h
all plots exist for S190915ak
all plots exist for S190923y
all plots exist for S190924h
all plots exist for S190930s
all plots exist for S190930t
all plots exist for S191105e
all plots exist for S191109d
all plots exist for S191129u
all plots exist for S191204r
all plots exist for S191205ah
all plots exist for S191213g
all plots exist for S191215w
all plots exist for S191216ap
all plots exist for S191222n
all plots exist for S200105ae
all plots exist for S200112r
all plots exist for S200114f
all plots exist for S200115j
all plots exist for S200128d
all plots exist for S200129m
Updating gravoscope
file data/gravoscope/GW150914-tiles/ttrtttt.png exists
file data/gravoscope/GW151012-tiles/ttrtttt.png exists
file data/gravoscope/GW151226-tiles/ttrtttt.png exists
file data/gravoscope/GW170104-tiles/ttrtttt.png exists
file data/gravoscope/GW170608-tiles/ttrtttt.png exists
file data/gravoscope/GW170729-tiles/ttrtttt.png exists
file data/gravoscope/GW170809-tiles/ttrtttt.png exists
file data/gravoscope/GW170814-tiles/ttrtttt.png exists
file data/gravoscope/GW170817-tiles/ttrtttt.png exists
file data/gravoscope/GW170818-tiles/ttrtttt.png exists
file data/gravoscope/GW170823-tiles/ttrtttt.png exists
file data/gravoscope/GW190425-tiles/ttrtttt.png exists
file data/gravoscope/S190408an-tiles/ttrtttt.png exists
file data/gravoscope/S190412m-tiles/ttrtttt.png exists
file data/gravoscope/S190421ar-tiles/ttrtttt.png exists
file data/gravoscope/S190426c-tiles/ttrtttt.png exists
file data/gravoscope/S190503bf-tiles/ttrtttt.png exists
file data/gravoscope/S190510g-tiles/ttrtttt.png exists
file data/gravoscope/S190512at-tiles/ttrtttt.png exists
file data/gravoscope/S190513bm-tiles/ttrtttt.png exists
file data/gravoscope/S190517h-tiles/ttrtttt.png exists
file data/gravoscope/S190519bj-tiles/ttrtttt.png exists
file data/gravoscope/S190521g-tiles/ttrtttt.png exists
file data/gravoscope/S190521r-tiles/ttrtttt.png exists
file data/gravoscope/S190602aq-tiles/ttrtttt.png exists
file data/gravoscope/S190630ag-tiles/ttrtttt.png exists
file data/gravoscope/S190701ah-tiles/ttrtttt.png exists
file data/gravoscope/S190706ai-tiles/ttrtttt.png exists
file data/gravoscope/S190707q-tiles/ttrtttt.png exists
file data/gravoscope/S190718y-tiles/ttrtttt.png exists
file data/gravoscope/S190720a-tiles/ttrtttt.png exists
file data/gravoscope/S190727h-tiles/ttrtttt.png exists
file data/gravoscope/S190728q-tiles/ttrtttt.png exists
file data/gravoscope/S190814bv-tiles/ttrtttt.png exists
file data/gravoscope/S190828j-tiles/ttrtttt.png exists
file data/gravoscope/S190828l-tiles/ttrtttt.png exists
file data/gravoscope/S190901ap-tiles/ttrtttt.png exists
file data/gravoscope/S190910d-tiles/ttrtttt.png exists
file data/gravoscope/S190910h-tiles/ttrtttt.png exists
file data/gravoscope/S190915ak-tiles/ttrtttt.png exists
file data/gravoscope/S190923y-tiles/ttrtttt.png exists
file data/gravoscope/S190924h-tiles/ttrtttt.png exists
file data/gravoscope/S190930s-tiles/ttrtttt.png exists
file data/gravoscope/S190930t-tiles/ttrtttt.png exists
file data/gravoscope/S191105e-tiles/ttrtttt.png exists
file data/gravoscope/S191109d-tiles/ttrtttt.png exists
file data/gravoscope/S191129u-tiles/ttrtttt.png exists
file data/gravoscope/S191204r-tiles/ttrtttt.png exists
file data/gravoscope/S191205ah-tiles/ttrtttt.png exists
file data/gravoscope/S191213g-tiles/ttrtttt.png exists
file data/gravoscope/S191215w-tiles/ttrtttt.png exists
file data/gravoscope/S191216ap-tiles/ttrtttt.png exists
file data/gravoscope/S191222n-tiles/ttrtttt.png exists
file data/gravoscope/S200105ae-tiles/ttrtttt.png exists
file data/gravoscope/S200112r-tiles/ttrtttt.png exists
file data/gravoscope/S200114f-tiles/ttrtttt.png exists
file data/gravoscope/S200115j-tiles/ttrtttt.png exists
file data/gravoscope/S200128d-tiles/ttrtttt.png exists
file data/gravoscope/S200129m-tiles/ttrtttt.png exists
reading JSON from data/gwosc_gracedb.json
writing JSONP to data/gwosc_gracedb.jsonp
reading JSON from data/gwosc_gracedb.min.json
writing JSONP to data/gwosc_gracedb.min.jsonp
removing empty rows
Writing data to CSV: data/gwosc_gracedb.csv
Writing datadict to CSV: data/parameters.csv
